[ 2026-05-14 13:02:07,503] comtypes.client._code_cache - INFO - Imported existing <module 'comtypes.gen' from 'C:\\Users\\Us\\anaconda3\\envs\\NEW\\Lib\\site-packages\\comtypes\\gen\\__init__.py'>
[ 2026-05-14 13:02:07,504] comtypes.client._code_cache - INFO - Using writeable comtypes cache directory: 'C:\Users\Us\anaconda3\envs\NEW\Lib\site-packages\comtypes\gen'
[ 2026-05-14 13:05:48,722] comtypes.client._code_cache - INFO - Imported existing <module 'comtypes.gen' from 'C:\\Users\\Us\\anaconda3\\envs\\NEW\\Lib\\site-packages\\comtypes\\gen\\__init__.py'>
[ 2026-05-14 13:05:48,723] comtypes.client._code_cache - INFO - Using writeable comtypes cache directory: 'C:\Users\Us\anaconda3\envs\NEW\Lib\site-packages\comtypes\gen'
[ 2026-05-14 13:09:25,752] comtypes.client._code_cache - INFO - Imported existing <module 'comtypes.gen' from 'C:\\Users\\Us\\anaconda3\\envs\\NEW\\Lib\\site-packages\\comtypes\\gen\\__init__.py'>
[ 2026-05-14 13:09:25,753] comtypes.client._code_cache - INFO - Using writeable comtypes cache directory: 'C:\Users\Us\anaconda3\envs\NEW\Lib\site-packages\comtypes\gen'
[ 2026-05-14 13:10:54,018] comtypes.client._code_cache - INFO - Imported existing <module 'comtypes.gen' from 'C:\\Users\\Us\\anaconda3\\envs\\NEW\\Lib\\site-packages\\comtypes\\gen\\__init__.py'>
[ 2026-05-14 13:10:54,021] comtypes.client._code_cache - INFO - Using writeable comtypes cache directory: 'C:\Users\Us\anaconda3\envs\NEW\Lib\site-packages\comtypes\gen'
[ 2026-05-14 15:19:49,454] comtypes.client._code_cache - INFO - Imported existing <module 'comtypes.gen' from 'C:\\Users\\Us\\anaconda3\\envs\\NEW\\Lib\\site-packages\\comtypes\\gen\\__init__.py'>
[ 2026-05-14 15:19:49,454] comtypes.client._code_cache - INFO - Using writeable comtypes cache directory: 'C:\Users\Us\anaconda3\envs\NEW\Lib\site-packages\comtypes\gen'
[ 2026-05-14 15:21:20,137] comtypes.client._code_cache - INFO - Imported existing <module 'comtypes.gen' from 'C:\\Users\\Us\\anaconda3\\envs\\NEW\\Lib\\site-packages\\comtypes\\gen\\__init__.py'>
[ 2026-05-14 15:21:20,137] comtypes.client._code_cache - INFO - Using writeable comtypes cache directory: 'C:\Users\Us\anaconda3\envs\NEW\Lib\site-packages\comtypes\gen'
[ 2026-05-14 15:22:26,251] comtypes.client._code_cache - INFO - Imported existing <module 'comtypes.gen' from 'C:\\Users\\Us\\anaconda3\\envs\\NEW\\Lib\\site-packages\\comtypes\\gen\\__init__.py'>
[ 2026-05-14 15:22:26,252] comtypes.client._code_cache - INFO - Using writeable comtypes cache directory: 'C:\Users\Us\anaconda3\envs\NEW\Lib\site-packages\comtypes\gen'
[ 2026-05-14 19:58:10,866] comtypes.client._code_cache - INFO - Imported existing <module 'comtypes.gen' from 'C:\\Users\\Us\\anaconda3\\envs\\NEW\\Lib\\site-packages\\comtypes\\gen\\__init__.py'>
[ 2026-05-14 19:58:10,866] comtypes.client._code_cache - INFO - Using writeable comtypes cache directory: 'C:\Users\Us\anaconda3\envs\NEW\Lib\site-packages\comtypes\gen'
[ 2026-05-14 19:58:26,172] root - INFO - 
[ 2026-05-14 19:58:48,283] comtypes.client._code_cache - INFO - Imported existing <module 'comtypes.gen' from 'C:\\Users\\Us\\anaconda3\\envs\\NEW\\Lib\\site-packages\\comtypes\\gen\\__init__.py'>
[ 2026-05-14 19:58:48,284] comtypes.client._code_cache - INFO - Using writeable comtypes cache directory: 'C:\Users\Us\anaconda3\envs\NEW\Lib\site-packages\comtypes\gen'
[ 2026-05-14 20:03:54,258] comtypes.client._code_cache - INFO - Imported existing <module 'comtypes.gen' from 'C:\\Users\\Us\\anaconda3\\envs\\NEW\\Lib\\site-packages\\comtypes\\gen\\__init__.py'>
[ 2026-05-14 20:03:54,258] comtypes.client._code_cache - INFO - Using writeable comtypes cache directory: 'C:\Users\Us\anaconda3\envs\NEW\Lib\site-packages\comtypes\gen'
[ 2026-05-14 20:04:19,032] comtypes.client._code_cache - INFO - Imported existing <module 'comtypes.gen' from 'C:\\Users\\Us\\anaconda3\\envs\\NEW\\Lib\\site-packages\\comtypes\\gen\\__init__.py'>
[ 2026-05-14 20:04:19,032] comtypes.client._code_cache - INFO - Using writeable comtypes cache directory: 'C:\Users\Us\anaconda3\envs\NEW\Lib\site-packages\comtypes\gen'
[ 2026-05-14 20:04:49,653] comtypes.client._code_cache - INFO - Imported existing <module 'comtypes.gen' from 'C:\\Users\\Us\\anaconda3\\envs\\NEW\\Lib\\site-packages\\comtypes\\gen\\__init__.py'>
[ 2026-05-14 20:04:49,654] comtypes.client._code_cache - INFO - Using writeable comtypes cache directory: 'C:\Users\Us\anaconda3\envs\NEW\Lib\site-packages\comtypes\gen'
[ 2026-05-14 20:08:29,547] comtypes.client._code_cache - INFO - Imported existing <module 'comtypes.gen' from 'C:\\Users\\Us\\anaconda3\\envs\\NEW\\Lib\\site-packages\\comtypes\\gen\\__init__.py'>
[ 2026-05-14 20:08:29,547] comtypes.client._code_cache - INFO - Using writeable comtypes cache directory: 'C:\Users\Us\anaconda3\envs\NEW\Lib\site-packages\comtypes\gen'
[ 2026-05-14 20:08:33,388] root - INFO - 
[ 2026-05-14 20:09:07,493] root - INFO - 
[ 2026-05-14 20:27:24,892] comtypes.client._code_cache - INFO - Imported existing <module 'comtypes.gen' from 'C:\\Users\\Us\\anaconda3\\envs\\NEW\\Lib\\site-packages\\comtypes\\gen\\__init__.py'>
[ 2026-05-14 20:27:24,893] comtypes.client._code_cache - INFO - Using writeable comtypes cache directory: 'C:\Users\Us\anaconda3\envs\NEW\Lib\site-packages\comtypes\gen'
[ 2026-05-14 20:27:32,907] root - INFO - 
[ 2026-05-14 20:27:45,654] root - INFO - 
[ 2026-05-14 20:45:22,800] comtypes.client._code_cache - INFO - Imported existing <module 'comtypes.gen' from 'C:\\Users\\Us\\anaconda3\\envs\\NEW\\Lib\\site-packages\\comtypes\\gen\\__init__.py'>
[ 2026-05-14 20:45:22,800] comtypes.client._code_cache - INFO - Using writeable comtypes cache directory: 'C:\Users\Us\anaconda3\envs\NEW\Lib\site-packages\comtypes\gen'
[ 2026-05-14 20:46:01,454] root - INFO - 
[ 2026-05-14 21:07:33,032] comtypes.client._code_cache - INFO - Imported existing <module 'comtypes.gen' from 'C:\\Users\\Us\\anaconda3\\envs\\NEW\\Lib\\site-packages\\comtypes\\gen\\__init__.py'>
[ 2026-05-14 21:07:33,033] comtypes.client._code_cache - INFO - Using writeable comtypes cache directory: 'C:\Users\Us\anaconda3\envs\NEW\Lib\site-packages\comtypes\gen'
[ 2026-05-14 21:07:44,561] root - INFO - user asked for an unsupported command
[ 2026-05-14 21:07:57,461] root - INFO - user asked for the current time
[ 2026-05-14 21:08:06,694] root - INFO - user asked for an unsupported command
[ 2026-05-14 21:08:15,146] root - INFO - user asked for assisstant's name
[ 2026-05-14 21:08:27,754] root - INFO - user want exited the programme
[ 2026-05-14 23:20:08,143] comtypes.client._code_cache - INFO - Imported existing <module 'comtypes.gen' from 'C:\\Users\\Us\\anaconda3\\envs\\NEW\\Lib\\site-packages\\comtypes\\gen\\__init__.py'>
[ 2026-05-14 23:20:08,190] comtypes.client._code_cache - INFO - Using writeable comtypes cache directory: 'C:\Users\Us\anaconda3\envs\NEW\Lib\site-packages\comtypes\gen'
[ 2026-05-14 23:20:21,801] root - INFO - 
[ 2026-05-14 23:20:25,435] root - INFO - user asked for an unsupported command
[ 2026-05-14 23:20:33,375] root - INFO - user asked for assisstant's name
[ 2026-05-14 23:20:40,098] root - INFO - user asked for an unsupported command
[ 2026-05-14 23:20:48,239] root - INFO - user asked about assisstant's well_being
[ 2026-05-14 23:20:54,981] root - INFO - user asked for an unsupported command
[ 2026-05-14 23:21:03,027] root - INFO - user asked for an unsupported command
[ 2026-05-14 23:21:15,092] root - INFO - user asked for an unsupported command
[ 2026-05-14 23:21:17,901] root - INFO - 
[ 2026-05-14 23:21:21,486] root - INFO - user asked for an unsupported command
[ 2026-05-14 23:21:30,377] root - INFO - user asked for an unsupported command
[ 2026-05-14 23:21:37,831] root - INFO - user asked about assisstant's creator
[ 2026-05-14 23:21:44,343] root - INFO - user asked for an unsupported command
[ 2026-05-14 23:21:51,892] root - INFO - user asked for an unsupported command
[ 2026-05-14 23:21:54,283] root - INFO - 
[ 2026-05-14 23:21:57,848] root - INFO - user asked for an unsupported command
[ 2026-05-14 23:22:04,594] root - INFO - user asked for an unsupported command
[ 2026-05-14 23:22:12,330] root - INFO - 
[ 2026-05-14 23:22:15,912] root - INFO - user asked for an unsupported command
[ 2026-05-14 23:24:49,346] comtypes.client._code_cache - INFO - Imported existing <module 'comtypes.gen' from 'C:\\Users\\Us\\anaconda3\\envs\\NEW\\Lib\\site-packages\\comtypes\\gen\\__init__.py'>
[ 2026-05-14 23:24:49,346] comtypes.client._code_cache - INFO - Using writeable comtypes cache directory: 'C:\Users\Us\anaconda3\envs\NEW\Lib\site-packages\comtypes\gen'
[ 2026-05-14 23:24:57,856] root - INFO - user asked for assisstant's name
[ 2026-05-14 23:25:07,712] root - INFO - user asked for an unsupported command
[ 2026-05-14 23:25:16,103] root - INFO - user asked for an unsupported command
[ 2026-05-14 23:25:25,551] root - INFO - user asked about assisstant's creator
[ 2026-05-14 23:25:32,252] root - INFO - user asked for an unsupported command
[ 2026-05-14 23:25:42,062] root - INFO - user expressed gratitude
[ 2026-05-14 23:25:50,940] root - INFO - user requested to open google
[ 2026-05-14 23:25:57,538] root - INFO - 
[ 2026-05-14 23:26:01,186] root - INFO - user asked for an unsupported command
[ 2026-05-14 23:26:03,465] root - INFO - 
[ 2026-05-14 23:26:07,056] root - INFO - user asked for an unsupported command
[ 2026-05-14 23:26:13,119] root - INFO - user requested open calculator
[ 2026-05-14 23:26:20,906] root - INFO - user asked for an unsupported command
[ 2026-05-14 23:26:34,900] root - INFO - user asked about assisstant's well_being
[ 2026-05-14 23:26:42,243] root - INFO - user asked for assisstant's name
[ 2026-05-14 23:26:49,593] root - INFO - user asked for an unsupported command
[ 2026-05-14 23:26:56,656] root - INFO - user expressed gratitude
[ 2026-05-14 23:27:02,942] root - INFO - user requested to open notepad
[ 2026-05-14 23:27:05,312] root - INFO - 
[ 2026-05-14 23:27:08,873] root - INFO - user asked for an unsupported command
[ 2026-05-14 23:27:18,445] root - INFO - user want exited the programme
[ 2026-05-14 23:27:47,007] comtypes.client._code_cache - INFO - Imported existing <module 'comtypes.gen' from 'C:\\Users\\Us\\anaconda3\\envs\\NEW\\Lib\\site-packages\\comtypes\\gen\\__init__.py'>
[ 2026-05-14 23:27:47,009] comtypes.client._code_cache - INFO - Using writeable comtypes cache directory: 'C:\Users\Us\anaconda3\envs\NEW\Lib\site-packages\comtypes\gen'
[ 2026-05-14 23:27:57,025] root - INFO - user asked for assisstant's name
[ 2026-05-14 23:28:04,120] root - INFO - user asked about assisstant's well_being
[ 2026-05-14 23:28:12,272] root - INFO - user asked about assisstant's creator
[ 2026-05-14 23:28:17,883] root - INFO - user asked for an unsupported command
[ 2026-05-14 23:28:26,889] root - INFO - user requested to open youtube
[ 2026-05-14 23:28:34,947] root - INFO - 
[ 2026-05-14 23:28:38,541] root - INFO - user asked for an unsupported command
[ 2026-05-14 23:28:42,901] root - INFO - 
[ 2026-05-14 23:28:46,500] root - INFO - user asked for an unsupported command
[ 2026-05-14 23:28:54,359] root - INFO - user asked for an unsupported command
[ 2026-05-14 23:28:56,658] root - INFO - 
[ 2026-05-14 23:29:00,222] root - INFO - user asked for an unsupported command
[ 2026-05-14 23:29:13,887] root - INFO - user asked for the current time
[ 2026-05-14 23:29:22,644] root - INFO - user want exited the programme
[ 2026-05-16 10:54:54,099] comtypes.client._code_cache - INFO - Imported existing <module 'comtypes.gen' from 'C:\\Users\\Us\\anaconda3\\envs\\NEW\\Lib\\site-packages\\comtypes\\gen\\__init__.py'>
[ 2026-05-16 10:54:54,177] comtypes.client._code_cache - INFO - Using writeable comtypes cache directory: 'C:\Users\Us\anaconda3\envs\NEW\Lib\site-packages\comtypes\gen'
[ 2026-05-16 10:55:46,923] root - INFO - user asked for assisstant's name
[ 2026-05-16 10:56:00,386] root - INFO - user asked for the current time
[ 2026-05-16 10:56:07,608] root - INFO - user asked about assisstant's well_being
[ 2026-05-16 10:56:15,046] root - INFO - user asked for an unsupported command
[ 2026-05-16 10:56:18,261] root - INFO - 
[ 2026-05-16 10:56:21,828] root - INFO - user asked for an unsupported command
[ 2026-05-16 10:57:37,777] comtypes.client._code_cache - INFO - Imported existing <module 'comtypes.gen' from 'C:\\Users\\Us\\anaconda3\\envs\\NEW\\Lib\\site-packages\\comtypes\\gen\\__init__.py'>
[ 2026-05-16 10:57:37,777] comtypes.client._code_cache - INFO - Using writeable comtypes cache directory: 'C:\Users\Us\anaconda3\envs\NEW\Lib\site-packages\comtypes\gen'
[ 2026-05-16 10:57:50,614] root - INFO - user asked for an unsupported command
[ 2026-05-16 10:57:58,670] root - INFO - user requested to open command prompt
[ 2026-05-16 10:58:01,581] root - INFO - 
[ 2026-05-16 10:58:05,114] root - INFO - user asked for an unsupported command
[ 2026-05-16 10:58:08,598] root - INFO - 
[ 2026-05-16 10:58:12,146] root - INFO - user asked for an unsupported command
[ 2026-05-16 10:58:14,111] root - INFO - 
[ 2026-05-16 10:58:17,643] root - INFO - user asked for an unsupported command
[ 2026-05-16 10:58:23,663] root - INFO - user requested to open command prompt
[ 2026-05-16 10:58:32,320] root - INFO - user asked about assisstant's well_being
[ 2026-05-16 10:58:38,685] root - INFO - user asked for an unsupported command
[ 2026-05-16 10:58:45,491] root - INFO - user asked for an unsupported command
[ 2026-05-16 10:58:48,949] root - INFO - 
[ 2026-05-16 10:58:52,490] root - INFO - user asked for an unsupported command
[ 2026-05-16 10:59:00,329] root - INFO - user asked for an unsupported command
[ 2026-05-16 10:59:06,717] root - INFO - 
[ 2026-05-16 10:59:10,267] root - INFO - user asked for an unsupported command
[ 2026-05-16 10:59:17,453] root - INFO - user asked for an unsupported command
[ 2026-05-16 10:59:25,756] root - INFO - user asked for an unsupported command
[ 2026-05-16 10:59:32,844] root - INFO - user asked for an unsupported command
[ 2026-05-16 10:59:39,702] root - INFO - user asked for an unsupported command
[ 2026-05-16 10:59:45,334] root - INFO - user asked for an unsupported command
[ 2026-05-16 10:59:58,843] root - INFO - user requested to open youtube
[ 2026-05-16 11:00:07,320] root - INFO - 
[ 2026-05-16 11:00:10,852] root - INFO - user asked for an unsupported command
[ 2026-05-16 11:00:16,322] root - INFO - 
[ 2026-05-16 11:00:19,860] root - INFO - user asked for an unsupported command
[ 2026-05-16 11:00:26,745] root - INFO - user requested open calculator
[ 2026-05-16 11:00:33,121] root - INFO - 
[ 2026-05-16 11:00:36,741] root - INFO - user asked for an unsupported command
[ 2026-05-16 11:00:41,238] root - INFO - 
[ 2026-05-16 11:00:44,818] root - INFO - user asked for an unsupported command
[ 2026-05-16 11:00:52,787] root - INFO - 
[ 2026-05-16 11:00:56,326] root - INFO - user asked for an unsupported command
[ 2026-05-16 11:00:58,922] root - INFO - 
[ 2026-05-16 11:01:02,742] root - INFO - user asked for an unsupported command
[ 2026-05-16 11:01:09,839] root - INFO - user asked for an unsupported command
[ 2026-05-16 11:01:31,279] root - INFO - user want exited the programme
[ 2026-05-16 12:26:18,713] comtypes.client._code_cache - INFO - Imported existing <module 'comtypes.gen' from 'C:\\Users\\Us\\anaconda3\\envs\\NEW\\Lib\\site-packages\\comtypes\\gen\\__init__.py'>
[ 2026-05-16 12:26:18,729] comtypes.client._code_cache - INFO - Using writeable comtypes cache directory: 'C:\Users\Us\anaconda3\envs\NEW\Lib\site-packages\comtypes\gen'
[ 2026-05-16 12:26:44,987] root - INFO - user asked for assisstant's name
[ 2026-05-16 12:26:53,502] root - INFO - user asked about assisstant's creator
[ 2026-05-16 12:27:03,658] root - INFO - user expressed gratitude
[ 2026-05-16 12:27:10,537] root - INFO - user requested open calculator
[ 2026-05-16 12:27:59,433] comtypes.client._code_cache - INFO - Imported existing <module 'comtypes.gen' from 'C:\\Users\\Us\\anaconda3\\envs\\NEW\\Lib\\site-packages\\comtypes\\gen\\__init__.py'>
[ 2026-05-16 12:27:59,448] comtypes.client._code_cache - INFO - Using writeable comtypes cache directory: 'C:\Users\Us\anaconda3\envs\NEW\Lib\site-packages\comtypes\gen'
[ 2026-05-16 12:32:50,348] comtypes.client._code_cache - INFO - Imported existing <module 'comtypes.gen' from 'C:\\Users\\Us\\anaconda3\\envs\\NEW\\Lib\\site-packages\\comtypes\\gen\\__init__.py'>
[ 2026-05-16 12:32:50,348] comtypes.client._code_cache - INFO - Using writeable comtypes cache directory: 'C:\Users\Us\anaconda3\envs\NEW\Lib\site-packages\comtypes\gen'
[ 2026-05-16 12:34:16,244] comtypes.client._code_cache - INFO - Imported existing <module 'comtypes.gen' from 'C:\\Users\\Us\\anaconda3\\envs\\NEW\\Lib\\site-packages\\comtypes\\gen\\__init__.py'>
[ 2026-05-16 12:34:16,244] comtypes.client._code_cache - INFO - Using writeable comtypes cache directory: 'C:\Users\Us\anaconda3\envs\NEW\Lib\site-packages\comtypes\gen'
[ 2026-05-16 12:34:59,313] root - INFO - user requested information to wikipedia
[ 2026-05-16 12:35:01,824] root - INFO - 
[ 2026-05-16 12:35:05,476] root - INFO - user asked for an unsupported command
[ 2026-05-16 12:35:13,152] root - INFO - user asked for an unsupported command
[ 2026-05-16 12:35:33,486] root - INFO - user want exited the programme
